#
# There is insufficient memory for the Java Runtime Environment to continue.
# Native memory allocation (mmap) failed to map 125829120 bytes. Error detail: G1 virtual space
# Possible reasons:
#   The system is out of physical RAM or swap space
#   This process is running with CompressedOops enabled, and the Java Heap may be blocking the growth of the native heap
# Possible solutions:
#   Reduce memory load on the system
#   Increase physical memory or swap space
#   Check if swap backing store is full
#   Decrease Java heap size (-Xmx/-Xms)
#   Decrease number of Java threads
#   Decrease Java thread stack sizes (-Xss)
#   Set larger code cache with -XX:ReservedCodeCacheSize=
#   JVM is running with Unscaled Compressed Oops mode in which the Java heap is
#     placed in the first 4GB address space. The Java Heap base address is the
#     maximum limit for the native heap growth. Please use -XX:HeapBaseMinAddress
#     to set the Java Heap base and to place the Java Heap above 4GB virtual address.
# This output file may be truncated or incomplete.
#
#  Out of Memory Error (os_windows.cpp:3707), pid=8376, tid=4024
#
# JRE version:  (23.0.2+7) (build )
# Java VM: OpenJDK 64-Bit Server VM (23.0.2+7, mixed mode, sharing, tiered, compressed oops, compressed class ptrs, g1 gc, windows-amd64)
# No core dump will be written. Minidumps are not enabled by default on client versions of Windows
#

---------------  S U M M A R Y ------------

Command Line: C:\Users\Dorian\AppData\Local\Temp\surefire4959733030707386196\surefirebooter-20250416133358993_3.jar C:\Users\Dorian\AppData\Local\Temp\surefire4959733030707386196 2025-04-16T13-33-58_682-jvmRun1 surefire-20250416133358993_1tmp surefire_0-20250416133358993_2tmp

Host: Intel(R) Core(TM) i7-8550U CPU @ 1.80GHz, 8 cores, 7G,  Windows 11 , 64 bit Build 26100 (10.0.26100.3323)
Time: Wed Apr 16 13:34:00 2025 E. Africa Standard Time elapsed time: 1.103514 seconds (0d 0h 0m 1s)

---------------  T H R E A D  ---------------

Current thread (0x00000224d6879700):  JavaThread "Unknown thread" [_thread_in_vm, id=4024, stack(0x0000006489100000,0x0000006489200000) (1024K)]

Stack: [0x0000006489100000,0x0000006489200000]
Native frames: (J=compiled Java code, j=interpreted, Vv=VM code, C=native code)
V  [jvm.dll+0x6e8fa9]  (no source info available)
V  [jvm.dll+0x8d96b3]  (no source info available)
V  [jvm.dll+0x8dbb3e]  (no source info available)
V  [jvm.dll+0x8dc213]  (no source info available)
V  [jvm.dll+0x281bc6]  (no source info available)
V  [jvm.dll+0x6e5885]  (no source info available)
V  [jvm.dll+0x6d980a]  (no source info available)
V  [jvm.dll+0x36271a]  (no source info available)
V  [jvm.dll+0x36ab46]  (no source info available)
V  [jvm.dll+0x3570ee]  (no source info available)
V  [jvm.dll+0x357388]  (no source info available)
V  [jvm.dll+0x32fd1c]  (no source info available)
V  [jvm.dll+0x3309be]  (no source info available)
V  [jvm.dll+0x89fde5]  (no source info available)
V  [jvm.dll+0x3c0058]  (no source info available)
V  [jvm.dll+0x88881c]  (no source info available)
V  [jvm.dll+0x45a36e]  (no source info available)
V  [jvm.dll+0x45c181]  (no source info available)
C  [jli.dll+0x5278]  (no source info available)
C  [ucrtbase.dll+0x37b0]  (no source info available)
C  [KERNEL32.DLL+0x2e8d7]  (no source info available)
C  [ntdll.dll+0xbbf6c]  (no source info available)

Lock stack of current Java thread (top to bottom):


---------------  P R O C E S S  ---------------

Threads class SMR info:
_java_thread_list=0x00007ffe41f89ad8, length=0, elements={
}

Java Threads: ( => current thread )
Total: 0

Other Threads:
  0x00000224d68cd7f0 WorkerThread "GC Thread#0"                     [id=25144, stack(0x0000006489200000,0x0000006489300000) (1024K)]
  0x00000224d68e1dc0 ConcurrentGCThread "G1 Main Marker"            [id=24612, stack(0x0000006489300000,0x0000006489400000) (1024K)]
  0x00000224d68e2f80 WorkerThread "G1 Conc#0"                       [id=22996, stack(0x0000006489400000,0x0000006489500000) (1024K)]

[error occurred during error reporting (printing all threads), id 0xc0000005, EXCEPTION_ACCESS_VIOLATION (0xc0000005) at pc=0x00007ffe4166338a]
VM state: not at safepoint (not fully initialized)

VM Mutex/Monitor currently owned by a thread:  ([mutex/lock_event])
[0x00007ffe4200cde8] Heap_lock - owner thread: 0x00000224d6879700

Heap address: 0x0000000089e00000, size: 1890 MB, Compressed Oops mode: 32-bit

CDS archive(s) mapped at: [0x0000000000000000-0x0000000000000000-0x0000000000000000), size 0, SharedBaseAddress: 0x0000000800000000, ArchiveRelocationMode: 1.
Narrow klass base: 0x0000000000000000, Narrow klass shift: 0, Narrow klass range: 0x0

GC Precious Log:
 CardTable entry size: 512
 Card Set container configuration: InlinePtr #cards 5 size 8 Array Of Cards #cards 10 size 36 Howl #buckets 4 coarsen threshold 1843 Howl Bitmap #cards 512 size 80 coarsen threshold 460 Card regions per heap region 1 cards per card region 2048

Heap:
 garbage-first heap   total reserved 1935360K, committed 0K, used 0K [0x0000000089e00000, 0x0000000100000000)
  region size 1024K, 0 young (0K), 0 survivors (0K)

[error occurred during error reporting (printing heap information), id 0xc0000005, EXCEPTION_ACCESS_VIOLATION (0xc0000005) at pc=0x00007ffe41a65529]
GC Heap History (0 events):
No events

Dll operation events (1 events):
Event: 0.014 Loaded shared library C:\Users\Dorian\.p2\pool\plugins\org.eclipse.justj.openjdk.hotspot.jre.full.win32.x86_64_23.0.2.v20250131-0604\jre\bin\java.dll

Deoptimization events (0 events):
No events

Classes loaded (0 events):
No events

Classes unloaded (0 events):
No events

Classes redefined (0 events):
No events

Internal exceptions (0 events):
No events

VM Operations (0 events):
No events

Memory protections (0 events):
No events

Nmethod flushes (0 events):
No events

Events (0 events):
No events


Dynamic libraries:
0x00007ff602da0000 - 0x00007ff602dae000 	C:\Users\Dorian\.p2\pool\plugins\org.eclipse.justj.openjdk.hotspot.jre.full.win32.x86_64_23.0.2.v20250131-0604\jre\bin\java.exe
0x00007ffea77a0000 - 0x00007ffea7a03000 	C:\WINDOWS\SYSTEM32\ntdll.dll
0x00007ffea65f0000 - 0x00007ffea66b7000 	C:\WINDOWS\System32\KERNEL32.DLL
0x00007ffea50a0000 - 0x00007ffea5469000 	C:\WINDOWS\System32\KERNELBASE.dll
0x00007ffea5470000 - 0x00007ffea55bc000 	C:\WINDOWS\System32\ucrtbase.dll
0x00007ffe9b5f0000 - 0x00007ffe9b607000 	C:\Users\Dorian\.p2\pool\plugins\org.eclipse.justj.openjdk.hotspot.jre.full.win32.x86_64_23.0.2.v20250131-0604\jre\bin\jli.dll
0x00007ffe94290000 - 0x00007ffe942ae000 	C:\Users\Dorian\.p2\pool\plugins\org.eclipse.justj.openjdk.hotspot.jre.full.win32.x86_64_23.0.2.v20250131-0604\jre\bin\VCRUNTIME140.dll
0x00007ffea6e70000 - 0x00007ffea703a000 	C:\WINDOWS\System32\USER32.dll
0x00007ffea4ce0000 - 0x00007ffea4d07000 	C:\WINDOWS\System32\win32u.dll
0x00007ffe891d0000 - 0x00007ffe89460000 	C:\WINDOWS\WinSxS\amd64_microsoft.windows.common-controls_6595b64144ccf1df_6.0.26100.3323_none_3e088096e3344490\COMCTL32.dll
0x00007ffea75d0000 - 0x00007ffea75fa000 	C:\WINDOWS\System32\GDI32.dll
0x00007ffea7600000 - 0x00007ffea76a9000 	C:\WINDOWS\System32\msvcrt.dll
0x00007ffea4ba0000 - 0x00007ffea4cd1000 	C:\WINDOWS\System32\gdi32full.dll
0x00007ffea4d10000 - 0x00007ffea4db3000 	C:\WINDOWS\System32\msvcp_win.dll
0x00007ffea7470000 - 0x00007ffea749f000 	C:\WINDOWS\System32\IMM32.DLL
0x00007ffe9bda0000 - 0x00007ffe9bdac000 	C:\Users\Dorian\.p2\pool\plugins\org.eclipse.justj.openjdk.hotspot.jre.full.win32.x86_64_23.0.2.v20250131-0604\jre\bin\vcruntime140_1.dll
0x00007ffe93230000 - 0x00007ffe932bd000 	C:\Users\Dorian\.p2\pool\plugins\org.eclipse.justj.openjdk.hotspot.jre.full.win32.x86_64_23.0.2.v20250131-0604\jre\bin\msvcp140.dll
0x00007ffe41320000 - 0x00007ffe420ee000 	C:\Users\Dorian\.p2\pool\plugins\org.eclipse.justj.openjdk.hotspot.jre.full.win32.x86_64_23.0.2.v20250131-0604\jre\bin\server\jvm.dll
0x00007ffea6d00000 - 0x00007ffea6db2000 	C:\WINDOWS\System32\ADVAPI32.dll
0x00007ffea6dc0000 - 0x00007ffea6e66000 	C:\WINDOWS\System32\sechost.dll
0x00007ffea74b0000 - 0x00007ffea75c6000 	C:\WINDOWS\System32\RPCRT4.dll
0x00007ffea6740000 - 0x00007ffea67b4000 	C:\WINDOWS\System32\WS2_32.dll
0x00007ffea3650000 - 0x00007ffea369e000 	C:\WINDOWS\SYSTEM32\POWRPROF.dll
0x00007ffe949f0000 - 0x00007ffe949fb000 	C:\WINDOWS\SYSTEM32\VERSION.dll
0x00007ffe8d410000 - 0x00007ffe8d446000 	C:\WINDOWS\SYSTEM32\WINMM.dll
0x00007ffea3630000 - 0x00007ffea3644000 	C:\WINDOWS\SYSTEM32\UMPDC.dll
0x00007ffea38d0000 - 0x00007ffea38ea000 	C:\WINDOWS\SYSTEM32\kernel.appcore.dll
0x00007ffe92f20000 - 0x00007ffe92f2a000 	C:\Users\Dorian\.p2\pool\plugins\org.eclipse.justj.openjdk.hotspot.jre.full.win32.x86_64_23.0.2.v20250131-0604\jre\bin\jimage.dll
0x00007ffea23b0000 - 0x00007ffea25f1000 	C:\WINDOWS\SYSTEM32\DBGHELP.DLL
0x00007ffea5890000 - 0x00007ffea5c12000 	C:\WINDOWS\System32\combase.dll
0x00007ffea5610000 - 0x00007ffea56e6000 	C:\WINDOWS\System32\OLEAUT32.dll
0x00007ffe875a0000 - 0x00007ffe875d9000 	C:\WINDOWS\SYSTEM32\dbgcore.DLL
0x00007ffea4f40000 - 0x00007ffea4fd9000 	C:\WINDOWS\System32\bcryptPrimitives.dll
0x00007ffe912e0000 - 0x00007ffe912fe000 	C:\Users\Dorian\.p2\pool\plugins\org.eclipse.justj.openjdk.hotspot.jre.full.win32.x86_64_23.0.2.v20250131-0604\jre\bin\java.dll
0x00007ffea56f0000 - 0x00007ffea5885000 	C:\WINDOWS\System32\ole32.dll
0x00007ffea5c80000 - 0x00007ffea6395000 	C:\WINDOWS\System32\SHELL32.dll
0x00007ffea49a0000 - 0x00007ffea4b08000 	C:\WINDOWS\System32\wintypes.dll

dbghelp: loaded successfully - version: 4.0.5 - missing functions: none
symbol engine: initialized successfully - sym options: 0x614 - pdb path: .;C:\Users\Dorian\.p2\pool\plugins\org.eclipse.justj.openjdk.hotspot.jre.full.win32.x86_64_23.0.2.v20250131-0604\jre\bin;C:\WINDOWS\SYSTEM32;C:\WINDOWS\WinSxS\amd64_microsoft.windows.common-controls_6595b64144ccf1df_6.0.26100.3323_none_3e088096e3344490;C:\Users\Dorian\.p2\pool\plugins\org.eclipse.justj.openjdk.hotspot.jre.full.win32.x86_64_23.0.2.v20250131-0604\jre\bin\server

VM Arguments:
java_command: C:\Users\Dorian\AppData\Local\Temp\surefire4959733030707386196\surefirebooter-20250416133358993_3.jar C:\Users\Dorian\AppData\Local\Temp\surefire4959733030707386196 2025-04-16T13-33-58_682-jvmRun1 surefire-20250416133358993_1tmp surefire_0-20250416133358993_2tmp
java_class_path (initial): C:\Users\Dorian\AppData\Local\Temp\surefire4959733030707386196\surefirebooter-20250416133358993_3.jar
Launcher Type: SUN_STANDARD

[Global flags]
     intx CICompilerCount                          = 4                                         {product} {ergonomic}
     uint ConcGCThreads                            = 2                                         {product} {ergonomic}
     uint G1ConcRefinementThreads                  = 8                                         {product} {ergonomic}
   size_t G1HeapRegionSize                         = 1048576                                   {product} {ergonomic}
   size_t InitialHeapSize                          = 125829120                                 {product} {ergonomic}
   size_t MarkStackSize                            = 4194304                                   {product} {ergonomic}
   size_t MarkStackSizeMax                         = 536870912                                 {product} {ergonomic}
   size_t MaxHeapSize                              = 1981808640                                {product} {ergonomic}
   size_t MinHeapDeltaBytes                        = 1048576                                   {product} {ergonomic}
   size_t MinHeapSize                              = 8388608                                   {product} {ergonomic}
    uintx NonNMethodCodeHeapSize                   = 5832704                                {pd product} {ergonomic}
    uintx NonProfiledCodeHeapSize                  = 122945536                              {pd product} {ergonomic}
    uintx ProfiledCodeHeapSize                     = 122880000                              {pd product} {ergonomic}
    uintx ReservedCodeCacheSize                    = 251658240                              {pd product} {ergonomic}
     bool SegmentedCodeCache                       = true                                      {product} {ergonomic}
   size_t SoftMaxHeapSize                          = 1981808640                             {manageable} {ergonomic}
     bool UseCompressedOops                        = true                           {product lp64_product} {ergonomic}
     bool UseG1GC                                  = true                                      {product} {ergonomic}
     bool UseLargePagesIndividualAllocation        = false                                  {pd product} {ergonomic}

Logging:
Log output configuration:
 #0: stdout all=warning uptime,level,tags foldmultilines=false
 #1: stderr all=off uptime,level,tags foldmultilines=false

Environment Variables:
JAVA_HOME=C:\Program Files\Java\jdk-1.8
PATH=C:/Users/Dorian/.p2/pool/plugins/org.eclipse.justj.openjdk.hotspot.jre.full.win32.x86_64_23.0.2.v20250131-0604/jre/bin/server;C:/Users/Dorian/.p2/pool/plugins/org.eclipse.justj.openjdk.hotspot.jre.full.win32.x86_64_23.0.2.v20250131-0604/jre/bin;C:\Program Files (x86)\Common Files\Oracle\Java\java8path;C:\Program Files (x86)\Common Files\Oracle\Java\javapath;C:\WINDOWS\system32;C:\WINDOWS;C:\WINDOWS\System32\Wbem;C:\WINDOWS\System32\WindowsPowerShell\v1.0\;C:\WINDOWS\System32\OpenSSH\;C:\Program Files\Microsoft SQL Server\Client SDK\ODBC\170\Tools\Binn\;C:\Program Files (x86)\Microsoft SQL Server\150\Tools\Binn\;C:\Program Files\Microsoft SQL Server\150\Tools\Binn\;C:\Program Files\Microsoft SQL Server\150\DTS\Binn\;C:\Program Files\Azure Data Studio\bin;C:\Program Files\Microsoft SQL Server\120\Tools\Binn\;C:\Program Files\Microsoft SQL Server\130\Tools\Binn\;C:\Program Files (x86)\QuickTime\QTSystem\;C:\Program Files\Git\cmd;C:\Users\Dorian\AppData\Local\Microsoft\WindowsApps;C:\Users\Dorian\AppData\Local\Programs\Microsoft VS Code\bin;C:\Program Files\Azure Data Studio\bin;C:\Program Files\MySQL\MySQL Server 5.7\bin;C:\Program Files\apache-maven-3.9.9\bin;C:\Program Files\Java\jdk-1.8\bin;;C:\Users\Dorian\Desktop;
USERNAME=Dorian
OS=Windows_NT
PROCESSOR_IDENTIFIER=Intel64 Family 6 Model 142 Stepping 10, GenuineIntel
TMP=C:\Users\Dorian\AppData\Local\Temp
TEMP=C:\Users\Dorian\AppData\Local\Temp




Periodic native trim disabled

---------------  S Y S T E M  ---------------

OS:
 Windows 11 , 64 bit Build 26100 (10.0.26100.3323)
OS uptime: 28 days 19:33 hours

CPU: total 8 (initial active 8) (4 cores per cpu, 2 threads per core) family 6 model 142 stepping 10 microcode 0xf6, cx8, cmov, fxsr, ht, mmx, 3dnowpref, sse, sse2, sse3, ssse3, sse4.1, sse4.2, popcnt, lzcnt, tsc, tscinvbit, avx, avx2, aes, erms, clmul, bmi1, bmi2, adx, fma, vzeroupper, clflush, clflushopt, rdtscp, f16c
Processor Information for the first 8 processors :
  Max Mhz: 1992, Current Mhz: 1792, Mhz Limit: 1792

Memory: 4k page, system-wide physical 7555M (792M free)
TotalPageFile size 11651M (AvailPageFile size 116M)
current process WorkingSet (physical memory assigned to process): 13M, peak: 13M
current process commit charge ("private bytes"): 60M, peak: 180M

vm_info: OpenJDK 64-Bit Server VM (23.0.2+7) for windows-amd64 JRE (23.0.2+7), built on 2025-01-21T00:00:00Z with MS VC++ 17.7 (VS2022)

END.
