#
# There is insufficient memory for the Java Runtime Environment to continue.
# Native memory allocation (malloc) failed to allocate 1048576 bytes for AllocateHeap
# Possible reasons:
#   The system is out of physical RAM or swap space
#   The process is running with CompressedOops enabled, and the Java Heap may be blocking the growth of the native heap
# Possible solutions:
#   Reduce memory load on the system
#   Increase physical memory or swap space
#   Check if swap backing store is full
#   Decrease Java heap size (-Xmx/-Xms)
#   Decrease number of Java threads
#   Decrease Java thread stack sizes (-Xss)
#   Set larger code cache with -XX:ReservedCodeCacheSize=
#   JVM is running with Unscaled Compressed Oops mode in which the Java heap is
#     placed in the first 4GB address space. The Java Heap base address is the
#     maximum limit for the native heap growth. Please use -XX:HeapBaseMinAddress
#     to set the Java Heap base and to place the Java Heap above 4GB virtual address.
# This output file may be truncated or incomplete.
#
#  Out of Memory Error (memory/allocation.inline.hpp:61), pid=14104, tid=0x0000000000003a54
#
# JRE version:  (8.0_431) (build )
# Java VM: Java HotSpot(TM) 64-Bit Server VM (25.431-b10 mixed mode windows-amd64 compressed oops)
# Failed to write core dump. Minidumps are not enabled by default on client versions of Windows
#

---------------  T H R E A D  ---------------

Current thread (0x00000240e51eb000):  JavaThread "Unknown thread" [_thread_in_vm, id=14932, stack(0x000000e5bba00000,0x000000e5bbb00000)]

Stack: [0x000000e5bba00000,0x000000e5bbb00000]
Native frames: (J=compiled Java code, j=interpreted, Vv=VM code, C=native code)
V  [jvm.dll+0x34ba89]
V  [jvm.dll+0x288e12]
V  [jvm.dll+0x2899e0]
V  [jvm.dll+0x27dc65]
V  [jvm.dll+0x4fad]
V  [jvm.dll+0x3e8a92]
V  [jvm.dll+0x3e9967]
V  [jvm.dll+0x3e5517]
V  [jvm.dll+0x104d9f]
V  [jvm.dll+0x2181cb]
V  [jvm.dll+0x24903a]
V  [jvm.dll+0x16c266]
C  [java.exe+0x2412]
C  [java.exe+0x193f2]
C  [KERNEL32.DLL+0x2e8d7]
C  [ntdll.dll+0xb14fc]


---------------  P R O C E S S  ---------------

Java Threads: ( => current thread )

Other Threads:

=>0x00000240e51eb000 (exited) JavaThread "Unknown thread" [_thread_in_vm, id=14932, stack(0x000000e5bba00000,0x000000e5bbb00000)]

VM state:not at safepoint (normal execution)

VM Mutex/Monitor currently owned by a thread: None

heap address: 0x0000000089e00000, size: 1890 MB, Compressed Oops mode: 32-bit
Narrow klass base: 0x0000000000000000, Narrow klass shift: 3
Compressed class space size: 1073741824 Address: 0x0000000100000000

Heap:
 PSYoungGen      total 35840K, used 614K [0x00000000d8a00000, 0x00000000db200000, 0x0000000100000000)
  eden space 30720K, 2% used [0x00000000d8a00000,0x00000000d8a999a8,0x00000000da800000)
  from space 5120K, 0% used [0x00000000dad00000,0x00000000dad00000,0x00000000db200000)
  to   space 5120K, 0% used [0x00000000da800000,0x00000000da800000,0x00000000dad00000)
 ParOldGen       total 81920K, used 0K [0x0000000089e00000, 0x000000008ee00000, 0x00000000d8a00000)
  object space 81920K, 0% used [0x0000000089e00000,0x0000000089e00000,0x000000008ee00000)
 Metaspace       used 775K, capacity 4480K, committed 4480K, reserved 1056768K
  class space    used 76K, capacity 384K, committed 384K, reserved 1048576K

Card table byte_map: [0x00000240f6020000,0x00000240f63e0000] byte_map_base: 0x00000240f5bd1000

Marking Bits: (ParMarkBitMap*) 0x00007ff8ae4b0200
 Begin Bits: [0x00000240f6660000, 0x00000240f83e8000)
 End Bits:   [0x00000240f83e8000, 0x00000240fa170000)

Polling page: 0x00000240e5330000

CodeCache: size=245760Kb used=329Kb max_used=329Kb free=245430Kb
 bounds [0x00000240e6c60000, 0x00000240e6ed0000, 0x00000240f5c60000]
 total_blobs=58 nmethods=0 adapters=38
 compilation: enabled

Compilation events (0 events):
No events

GC Heap History (0 events):
No events

Deoptimization events (0 events):
No events

Classes redefined (0 events):
No events

Internal exceptions (0 events):
No events

Events (10 events):
Event: 0.025 loading class java/lang/Short
Event: 0.026 loading class java/lang/Short done
Event: 0.026 loading class java/lang/Integer
Event: 0.026 loading class java/lang/Integer done
Event: 0.026 loading class java/lang/Long
Event: 0.026 loading class java/lang/Long done
Event: 0.026 loading class java/lang/NullPointerException
Event: 0.026 loading class java/lang/NullPointerException done
Event: 0.026 loading class java/lang/ArithmeticException
Event: 0.026 loading class java/lang/ArithmeticException done


Dynamic libraries:
0x00007ff6a9970000 - 0x00007ff6a99bf000 	C:\Program Files\Java\jdk-1.8\jre\bin\java.exe
0x00007ff9345a0000 - 0x00007ff934800000 	C:\WINDOWS\SYSTEM32\ntdll.dll
0x00007ff933230000 - 0x00007ff9332f7000 	C:\WINDOWS\System32\KERNEL32.DLL
0x00007ff931e80000 - 0x00007ff93224b000 	C:\WINDOWS\System32\KERNELBASE.dll
0x00007ff933160000 - 0x00007ff933213000 	C:\WINDOWS\System32\ADVAPI32.dll
0x00007ff9344b0000 - 0x00007ff934559000 	C:\WINDOWS\System32\msvcrt.dll
0x00007ff934150000 - 0x00007ff9341f6000 	C:\WINDOWS\System32\sechost.dll
0x00007ff933410000 - 0x00007ff933526000 	C:\WINDOWS\System32\RPCRT4.dll
0x00007ff932ad0000 - 0x00007ff932c9c000 	C:\WINDOWS\System32\USER32.dll
0x00007ff931cd0000 - 0x00007ff931cf7000 	C:\WINDOWS\System32\win32u.dll
0x00007ff932a20000 - 0x00007ff932a4a000 	C:\WINDOWS\System32\GDI32.dll
0x00007ff931780000 - 0x00007ff9318b1000 	C:\WINDOWS\System32\gdi32full.dll
0x00007ff931b60000 - 0x00007ff931c03000 	C:\WINDOWS\System32\msvcp_win.dll
0x00007ff932250000 - 0x00007ff93239b000 	C:\WINDOWS\System32\ucrtbase.dll
0x00007ff917360000 - 0x00007ff9175f7000 	C:\WINDOWS\WinSxS\amd64_microsoft.windows.common-controls_6595b64144ccf1df_6.0.26100.3624_none_3e086962e3345f24\COMCTL32.dll
0x00007ff9339e0000 - 0x00007ff933a0f000 	C:\WINDOWS\System32\IMM32.DLL
0x00007ff8d0b70000 - 0x00007ff8d0b8b000 	C:\Program Files\Java\jdk-1.8\jre\bin\vcruntime140.dll
0x00007ff8fe1f0000 - 0x00007ff8fe1fc000 	C:\Program Files\Java\jdk-1.8\jre\bin\vcruntime140_1.dll
0x00007ff8d0ae0000 - 0x00007ff8d0b6e000 	C:\Program Files\Java\jdk-1.8\jre\bin\msvcp140.dll
0x00007ff8adc80000 - 0x00007ff8ae52a000 	C:\Program Files\Java\jdk-1.8\jre\bin\server\jvm.dll
0x00007ff9328d0000 - 0x00007ff9328d8000 	C:\WINDOWS\System32\PSAPI.DLL
0x00007ff914460000 - 0x00007ff91446a000 	C:\WINDOWS\SYSTEM32\WSOCK32.dll
0x00007ff91e680000 - 0x00007ff91e68b000 	C:\WINDOWS\SYSTEM32\VERSION.dll
0x00007ff919d30000 - 0x00007ff919d66000 	C:\WINDOWS\SYSTEM32\WINMM.dll
0x00007ff933830000 - 0x00007ff9338a4000 	C:\WINDOWS\System32\WS2_32.dll
0x00007ff9306b0000 - 0x00007ff9306ca000 	C:\WINDOWS\SYSTEM32\kernel.appcore.dll
0x00007ff8fd720000 - 0x00007ff8fd730000 	C:\Program Files\Java\jdk-1.8\jre\bin\verify.dll
0x00007ff8ce8d0000 - 0x00007ff8ce8fb000 	C:\Program Files\Java\jdk-1.8\jre\bin\java.dll
0x00007ff8d0ac0000 - 0x00007ff8d0ad8000 	C:\Program Files\Java\jdk-1.8\jre\bin\zip.dll
0x00007ff92efe0000 - 0x00007ff92f221000 	C:\WINDOWS\SYSTEM32\dbghelp.dll
0x00007ff9323a0000 - 0x00007ff932723000 	C:\WINDOWS\System32\combase.dll
0x00007ff9328e0000 - 0x00007ff9329b6000 	C:\WINDOWS\System32\OLEAUT32.dll
0x00007ff9318c0000 - 0x00007ff931959000 	C:\WINDOWS\System32\bcryptPrimitives.dll

VM Arguments:
java_command: C:\Users\Dorian\AppData\Local\Temp\surefire4918385896767312950\surefirebooter-20250417132332243_3.jar C:\Users\Dorian\AppData\Local\Temp\surefire4918385896767312950 2025-04-17T13-23-31_699-jvmRun1 surefire-20250417132332243_1tmp surefire_0-20250417132332243_2tmp
java_class_path (initial): C:\Users\Dorian\AppData\Local\Temp\surefire4918385896767312950\surefirebooter-20250417132332243_3.jar
Launcher Type: SUN_STANDARD

Environment Variables:
JAVA_HOME=C:\Program Files\Java\jdk-1.8
PATH=C:/Users/Dorian/.p2/pool/plugins/org.eclipse.justj.openjdk.hotspot.jre.full.win32.x86_64_23.0.2.v20250131-0604/jre/bin/server;C:/Users/Dorian/.p2/pool/plugins/org.eclipse.justj.openjdk.hotspot.jre.full.win32.x86_64_23.0.2.v20250131-0604/jre/bin;C:\Program Files (x86)\Common Files\Oracle\Java\java8path;C:\Program Files (x86)\Common Files\Oracle\Java\javapath;C:\WINDOWS\system32;C:\WINDOWS;C:\WINDOWS\System32\Wbem;C:\WINDOWS\System32\WindowsPowerShell\v1.0\;C:\WINDOWS\System32\OpenSSH\;C:\Program Files\Microsoft SQL Server\Client SDK\ODBC\170\Tools\Binn\;C:\Program Files (x86)\Microsoft SQL Server\150\Tools\Binn\;C:\Program Files\Microsoft SQL Server\150\Tools\Binn\;C:\Program Files\Microsoft SQL Server\150\DTS\Binn\;C:\Program Files\Azure Data Studio\bin;C:\Program Files\Microsoft SQL Server\120\Tools\Binn\;C:\Program Files\Microsoft SQL Server\130\Tools\Binn\;C:\Program Files (x86)\QuickTime\QTSystem\;C:\Program Files\Git\cmd;C:\Users\Dorian\AppData\Local\Microsoft\WindowsApps;C:\Users\Dorian\AppData\Local\Programs\Microsoft VS Code\bin;C:\Program Files\Azure Data Studio\bin;C:\Program Files\MySQL\MySQL Server 5.7\bin;C:\Program Files\apache-maven-3.9.9\bin;C:\Program Files\Java\jdk-1.8\bin;;C:\Users\Dorian\Desktop;
USERNAME=Dorian
OS=Windows_NT
PROCESSOR_IDENTIFIER=Intel64 Family 6 Model 142 Stepping 10, GenuineIntel



---------------  S Y S T E M  ---------------

OS: Windows 11 , 64 bit Build 26100 (10.0.26100.3624)

CPU:total 8 (initial active 8) (4 cores per cpu, 2 threads per core) family 6 model 142 stepping 10, cmov, cx8, fxsr, mmx, sse, sse2, sse3, ssse3, sse4.1, sse4.2, popcnt, avx, avx2, aes, clmul, erms, 3dnowpref, lzcnt, ht, tsc, tscinvbit, bmi1, bmi2, adx

Memory: 4k page, physical 7736536k(1537540k free), swap 11930840k(66260k free)

vm_info: Java HotSpot(TM) 64-Bit Server VM (25.431-b10) for windows-amd64 JRE (1.8.0_431-b10), built on Sep 30 2024 08:11:54 by "java_re" with MS VC++ 17.6 (VS2022)

time: Thu Apr 17 13:23:32 2025
timezone: E. Africa Standard Time
elapsed time: 0.500740 seconds (0d 0h 0m 0s)

